<?xml version="1.0" encoding="UTF-8"?>
<!-- Generated by org.testng.reporters.JUnitReportReporter -->
<testsuite hostname="Abduls-MacBook-Air-2.local" failures="0" tests="1" name="com.test.Assignleave" time="23.414" errors="0" timestamp="2021-07-07T21:58:41 IST" skipped="0">
  <testcase classname="com.test.Assignleave" name="Assignpage" time="23.414"/>
  <system-out/>
</testsuite> <!-- com.test.Assignleave -->
